\BOOKMARK [1][-]{Doc-Start}{\376\377\134\010\230\114\122\006\135\345\123\312\214\242\163\173\136\246\212\252\146\016}{}% 1
\BOOKMARK [1][-]{section.1}{\376\377\0001\000\040\144\130\211\201\000\040\000\050\000A\000B\000S\000T\000R\000A\000C\000T\000\051}{}% 2
\BOOKMARK [2][-]{subsection.1.1}{\376\377\0001\000.\0001\000\040\140\363\154\325\202\007\122\237\200\375\000\040\000\050\000I\000d\000e\000a\000s\000\040\000a\000n\000d\000\040\000F\000e\000a\000t\000u\000r\000e\000s\000\051}{section.1}% 3
\BOOKMARK [2][-]{subsection.1.2}{\376\377\0001\000.\0002\000\040\157\024\173\227\154\325\202\007\145\271\154\325\000\040\000\050\000A\000l\000g\000o\000r\000i\000t\000h\000m\000s\000\040\000a\000n\000d\000\040\000M\000e\000t\000h\000o\000d\000s\000\051}{section.1}% 4
\BOOKMARK [2][-]{subsection.1.3}{\376\377\0001\000.\0003\000\040\174\041\125\256\175\120\212\326\000\040\000\050\000S\000u\000m\000m\000a\000r\000y\000\040\000o\000f\000\040\000C\000o\000n\000c\000l\000u\000s\000i\000o\000n\000s\000\051}{section.1}% 5
\BOOKMARK [1][-]{section.2}{\376\377\0002\000\040\174\041\116\313\000\040\000\050\000I\000N\000T\000R\000O\000D\000U\000C\000T\000I\000O\000N\000\051}{}% 6
\BOOKMARK [2][-]{subsection.2.1}{\376\377\0002\000.\0001\000\040\166\370\225\334\170\024\172\166\000\040\000\050\000R\000e\000l\000a\000t\000e\000d\000\040\000W\000o\000r\000k\000\051}{section.2}% 7
\BOOKMARK [2][-]{subsection.2.2}{\376\377\0002\000.\0002\000\040\122\325\152\137\000\040\000\050\000M\000o\000t\000i\000v\000a\000t\000i\000o\000n\000\051}{section.2}% 8
\BOOKMARK [2][-]{subsection.2.3}{\376\377\0002\000.\0003\000\040\166\356\152\031\000\040\000\050\000O\000b\000j\000e\000c\000t\000i\000v\000e\000s\000\051}{section.2}% 9
\BOOKMARK [1][-]{section.3}{\376\377\0003\000\040\164\006\212\326\143\250\134\016\000\040\000\050\000T\000h\000e\000o\000r\000e\000t\000i\000c\000a\000l\000\040\000D\000e\000r\000i\000v\000a\000t\000i\000o\000n\000s\000\051}{}% 10
\BOOKMARK [2][-]{subsection.3.1}{\376\377\0003\000.\0001\000\040\125\117\230\114\133\232\177\251\000\040\000\050\000P\000r\000o\000b\000l\000e\000m\000\040\000D\000e\000f\000i\000n\000i\000t\000i\000o\000n\000\051}{section.3}% 11
\BOOKMARK [2][-]{subsection.3.2}{\376\377\0003\000.\0002\000\040\174\373\175\161\145\164\232\324\147\266\151\313\000\040\000\050\000S\000y\000s\000t\000e\000m\000\040\000A\000r\000c\000h\000i\000t\000e\000c\000t\000u\000r\000e\000\051}{section.3}% 12
\BOOKMARK [2][-]{subsection.3.3}{\376\377\0003\000.\0003\000\040\150\070\137\303\157\024\173\227\154\325\155\101\172\013\000\040\000\050\000C\000o\000r\000e\000\040\000A\000l\000g\000o\000r\000i\000t\000h\000m\000\040\000W\000o\000r\000k\000f\000l\000o\000w\000\051}{section.3}% 13
\BOOKMARK [3][-]{subsubsection.3.3.1}{\376\377\0003\000.\0003\000.\0001\000\040\143\222\164\003\217\375\216\144\157\024\173\227\154\325\155\101\172\013}{subsection.3.3}% 14
\BOOKMARK [3][-]{subsubsection.3.3.2}{\376\377\0003\000.\0003\000.\0002\000\040\122\325\117\134\213\130\122\045\202\007\124\010\117\165\157\024\173\227\154\325}{subsection.3.3}% 15
\BOOKMARK [1][-]{section.4}{\376\377\0004\000\040\155\361\136\246\133\170\177\322\152\041\127\213\147\266\151\313\000\040\000\050\000D\000e\000e\000p\000\040\000L\000e\000a\000r\000n\000i\000n\000g\000\040\000M\000o\000d\000e\000l\000\040\000A\000r\000c\000h\000i\000t\000e\000c\000t\000u\000r\000e\000s\000\051}{}% 16
\BOOKMARK [2][-]{subsection.4.1}{\376\377\0004\000.\0001\000\040\000U\000-\000N\000e\000t\000\040\147\266\151\313\202\007\000\040\000V\000b\000a\000l\000l\000N\000e\000t\000\040\152\041\127\213}{section.4}% 17
\BOOKMARK [3][-]{subsubsection.4.1.1}{\376\377\0004\000.\0001\000.\0001\000\040\000U\000-\000N\000e\000t\000\040\147\266\151\313\123\237\164\006}{subsection.4.1}% 18
\BOOKMARK [3][-]{subsubsection.4.1.2}{\376\377\0004\000.\0001\000.\0002\000\040\000V\000b\000a\000l\000l\000N\000e\000t\000\040\152\041\127\213\212\055\212\010}{subsection.4.1}% 19
\BOOKMARK [3][-]{subsubsection.4.1.3}{\376\377\0004\000.\0001\000.\0003\000\040\000Y\000O\000L\000O\000\040\127\372\147\054\151\202\137\365}{subsection.4.1}% 20
\BOOKMARK [3][-]{subsubsection.4.1.4}{\376\377\0004\000.\0001\000.\0004\000\040\000Y\000O\000L\000O\000\040\166\204\157\024\220\062\153\167\172\013}{subsection.4.1}% 21
\BOOKMARK [3][-]{subsubsection.4.1.5}{\376\377\0004\000.\0001\000.\0005\000\040\000Y\000O\000L\000O\000v\0001\0001\000\040\147\266\151\313\212\163\211\343}{subsection.4.1}% 22
\BOOKMARK [3][-]{subsubsection.4.1.6}{\376\377\0004\000.\0001\000.\0006\000\040\000Y\000O\000L\000O\000v\0001\0001\000m\000\040\122\325\117\134\213\130\122\045\152\041\127\213}{subsection.4.1}% 23
\BOOKMARK [3][-]{subsubsection.4.1.7}{\376\377\0004\000.\0001\000.\0007\000\040\122\325\117\134\213\130\122\045\175\120\147\234\134\125\171\072}{subsection.4.1}% 24
\BOOKMARK [3][-]{subsubsection.4.1.8}{\376\377\0004\000.\0001\000.\0008\000\040\000Y\000O\000L\000O\000v\0008\000\040\147\266\151\313\212\163\211\343}{subsection.4.1}% 25
\BOOKMARK [2][-]{subsection.4.2}{\376\377\0004\000.\0002\000\040\000N\000o\000r\000f\000a\000i\000r\000\040\131\032\162\151\116\366\217\375\216\144}{section.4}% 26
\BOOKMARK [3][-]{subsubsection.4.2.1}{\376\377\0004\000.\0002\000.\0001\000\040\217\375\216\144\123\237\164\006}{subsection.4.2}% 27
\BOOKMARK [2][-]{subsection.4.3}{\376\377\0004\000.\0003\000\040\152\041\127\213\145\164\124\010\202\007\121\052\123\026}{section.4}% 28
\BOOKMARK [3][-]{subsubsection.4.3.1}{\376\377\0004\000.\0003\000.\0001\000\040\000O\000N\000N\000X\000\040\000R\000u\000n\000t\000i\000m\000e\000\040\121\052\123\026}{subsection.4.3}% 29
\BOOKMARK [3][-]{subsubsection.4.3.2}{\376\377\0004\000.\0003\000.\0002\000\040\000U\000l\000t\000r\000a\000l\000y\000t\000i\000c\000s\000\040\000Y\000O\000L\000O\000\040\150\106\147\266}{subsection.4.3}% 30
\BOOKMARK [3][-]{subsubsection.4.3.3}{\376\377\0004\000.\0003\000.\0003\000\040\152\041\127\213\217\011\121\145\202\007\122\035\131\313\123\026}{subsection.4.3}% 31
\BOOKMARK [3][-]{subsubsection.4.3.4}{\376\377\0004\000.\0003\000.\0004\000\040\143\250\164\006\121\052\123\026\173\126\165\145}{subsection.4.3}% 32
\BOOKMARK [1][-]{section.5}{\376\377\0005\000\040\152\041\175\104\212\055\212\010\143\317\217\360\000\040\000\050\000M\000o\000d\000u\000l\000e\000\040\000D\000e\000s\000c\000r\000i\000p\000t\000i\000o\000n\000\051}{}% 33
\BOOKMARK [2][-]{subsection.5.1}{\376\377\0005\000.\0001\000\040\174\373\175\161\152\041\175\104\151\202\211\275}{section.5}% 34
\BOOKMARK [2][-]{subsection.5.2}{\376\377\0005\000.\0002\000\040\143\222\164\003\217\375\216\144\152\041\175\104}{section.5}% 35
\BOOKMARK [3][-]{subsubsection.5.2.1}{\376\377\0005\000.\0002\000.\0001\000\040\152\041\175\104\123\237\127\213}{subsection.5.2}% 36
\BOOKMARK [3][-]{subsubsection.5.2.2}{\376\377\0005\000.\0002\000.\0002\000\040\225\334\223\165\123\303\145\170\212\252\146\016}{subsection.5.2}% 37
\BOOKMARK [2][-]{subsection.5.3}{\376\377\0005\000.\0003\000\040\122\325\117\134\213\130\122\045\152\041\175\104}{section.5}% 38
\BOOKMARK [3][-]{subsubsection.5.3.1}{\376\377\0005\000.\0003\000.\0001\000\040\152\041\175\104\123\237\127\213}{subsection.5.3}% 39
\BOOKMARK [3][-]{subsubsection.5.3.2}{\376\377\0005\000.\0003\000.\0002\000\040\122\325\117\134\230\136\122\045\133\232\177\251}{subsection.5.3}% 40
\BOOKMARK [2][-]{subsection.5.4}{\376\377\0005\000.\0004\000\040\164\003\124\341\217\375\216\144\152\041\175\104}{section.5}% 41
\BOOKMARK [3][-]{subsubsection.5.4.1}{\376\377\0005\000.\0004\000.\0001\000\040\152\041\175\104\123\237\127\213}{subsection.5.4}% 42
\BOOKMARK [3][-]{subsubsection.5.4.2}{\376\377\0005\000.\0004\000.\0002\000\040\217\375\216\144\123\303\145\170\221\115\177\156}{subsection.5.4}% 43
\BOOKMARK [1][-]{section.6}{\376\377\0006\000\040\216\337\232\324\135\345\172\013\133\346\216\020\000\040\000\050\000S\000o\000f\000t\000w\000a\000r\000e\000\040\000E\000n\000g\000i\000n\000e\000e\000r\000i\000n\000g\000\040\000P\000r\000a\000c\000t\000i\000c\000e\000s\000\051}{}% 44
\BOOKMARK [2][-]{subsection.6.1}{\376\377\0006\000.\0001\000\040\174\373\175\161\147\266\151\313\212\055\212\010}{section.6}% 45
\BOOKMARK [3][-]{subsubsection.6.1.1}{\376\377\0006\000.\0001\000.\0001\000\040\122\115\137\214\172\357\122\006\226\342\147\266\151\313}{subsection.6.1}% 46
\BOOKMARK [3][-]{subsubsection.6.1.2}{\376\377\0006\000.\0001\000.\0002\000\040\134\010\150\110\166\356\223\004\175\120\151\313}{subsection.6.1}% 47
\BOOKMARK [2][-]{subsection.6.2}{\376\377\0006\000.\0002\000\040\137\214\172\357\147\266\151\313\000\040\000\050\000B\000a\000c\000k\000e\000n\000d\000\040\000A\000r\000c\000h\000i\000t\000e\000c\000t\000u\000r\000e\000\051}{section.6}% 48
\BOOKMARK [3][-]{subsubsection.6.2.1}{\376\377\0006\000.\0002\000.\0001\000\040\000F\000a\000s\000t\000A\000P\000I\000\040\150\106\147\266\220\170\144\307}{subsection.6.2}% 49
\BOOKMARK [3][-]{subsubsection.6.2.2}{\376\377\0006\000.\0002\000.\0002\000\040\000A\000P\000I\000\040\172\357\236\336\212\055\212\010}{subsection.6.2}% 50
\BOOKMARK [3][-]{subsubsection.6.2.3}{\376\377\0006\000.\0002\000.\0003\000\040\227\136\226\073\130\136\137\161\162\107\122\006\147\220}{subsection.6.2}% 51
\BOOKMARK [3][-]{subsubsection.6.2.4}{\376\377\0006\000.\0002\000.\0004\000\040\000W\000e\000b\000S\000o\000c\000k\000e\000t\000\040\123\163\146\102\220\032\212\012}{subsection.6.2}% 52
\BOOKMARK [2][-]{subsection.6.3}{\376\377\0006\000.\0003\000\040\122\115\172\357\147\266\151\313\000\040\000\050\000F\000r\000o\000n\000t\000e\000n\000d\000\040\000A\000r\000c\000h\000i\000t\000e\000c\000t\000u\000r\000e\000\051}{section.6}% 53
\BOOKMARK [3][-]{subsubsection.6.3.1}{\376\377\0006\000.\0003\000.\0001\000\040\142\200\210\123\150\347\220\170\144\307}{subsection.6.3}% 54
\BOOKMARK [3][-]{subsubsection.6.3.2}{\376\377\0006\000.\0003\000.\0002\000\040\121\103\116\366\147\266\151\313}{subsection.6.3}% 55
\BOOKMARK [3][-]{subsubsection.6.3.3}{\376\377\0006\000.\0003\000.\0003\000\040\000A\000P\000I\000\040\147\015\122\331\134\144\212\055\212\010}{subsection.6.3}% 56
\BOOKMARK [2][-]{subsection.6.4}{\376\377\0006\000.\0004\000\040\133\271\126\150\123\026\220\350\177\162\000\040\000\050\000D\000o\000c\000k\000e\000r\000\040\000C\000o\000n\000t\000a\000i\000n\000e\000r\000i\000z\000a\000t\000i\000o\000n\000\051}{section.6}% 57
\BOOKMARK [3][-]{subsubsection.6.4.1}{\376\377\0006\000.\0004\000.\0001\000\040\000D\000o\000c\000k\000e\000r\000\040\000C\000o\000m\000p\000o\000s\000e\000\040\175\350\143\222}{subsection.6.4}% 58
\BOOKMARK [3][-]{subsubsection.6.4.2}{\376\377\0006\000.\0004\000.\0002\000\040\137\214\172\357\000\040\000D\000o\000c\000k\000e\000r\000f\000i\000l\000e}{subsection.6.4}% 59
\BOOKMARK [3][-]{subsubsection.6.4.3}{\376\377\0006\000.\0004\000.\0003\000\040\133\271\126\150\123\026\121\052\122\342}{subsection.6.4}% 60
\BOOKMARK [2][-]{subsection.6.5}{\376\377\0006\000.\0005\000\040\201\352\122\325\123\026\156\054\212\146\000\040\000\050\000A\000u\000t\000o\000m\000a\000t\000e\000d\000\040\000T\000e\000s\000t\000i\000n\000g\000\051}{section.6}% 61
\BOOKMARK [3][-]{subsubsection.6.5.1}{\376\377\0006\000.\0005\000.\0001\000\040\156\054\212\146\147\266\151\313}{subsection.6.5}% 62
\BOOKMARK [3][-]{subsubsection.6.5.2}{\376\377\0006\000.\0005\000.\0002\000\040\156\054\212\146\131\076\121\167\212\055\212\010}{subsection.6.5}% 63
\BOOKMARK [3][-]{subsubsection.6.5.3}{\376\377\0006\000.\0005\000.\0003\000\040\156\054\212\146\127\367\210\114\201\163\147\054}{subsection.6.5}% 64
\BOOKMARK [3][-]{subsubsection.6.5.4}{\376\377\0006\000.\0005\000.\0004\000\040\156\054\212\146\173\304\117\213}{subsection.6.5}% 65
\BOOKMARK [2][-]{subsection.6.6}{\376\377\0006\000.\0006\000\040\225\213\166\174\135\345\117\134\155\101\172\013}{section.6}% 66
\BOOKMARK [3][-]{subsubsection.6.6.1}{\376\377\0006\000.\0006\000.\0001\000\040\162\110\147\054\143\247\122\066}{subsection.6.6}% 67
\BOOKMARK [3][-]{subsubsection.6.6.2}{\376\377\0006\000.\0006\000.\0002\000\040\172\013\137\017\170\274\230\250\150\074}{subsection.6.6}% 68
\BOOKMARK [3][-]{subsubsection.6.6.3}{\376\377\0006\000.\0006\000.\0003\000\040\145\207\152\224\173\241\164\006}{subsection.6.6}% 69
\BOOKMARK [1][-]{section.7}{\376\377\0007\000\040\133\346\232\127\175\120\147\234\000\040\000\050\000E\000x\000p\000e\000r\000i\000m\000e\000n\000t\000a\000l\000\040\000R\000e\000s\000u\000l\000t\000s\000\051}{}% 70
\BOOKMARK [2][-]{subsection.7.1}{\376\377\0007\000.\0001\000\040\133\346\232\127\164\260\130\203\221\115\177\156}{section.7}% 71
\BOOKMARK [2][-]{subsection.7.2}{\376\377\0007\000.\0002\000\040\143\222\164\003\217\375\216\144\140\047\200\375\212\125\117\060}{section.7}% 72
\BOOKMARK [3][-]{subsubsection.7.2.1}{\376\377\0007\000.\0002\000.\0001\000\040\145\164\232\324\140\047\200\375\143\007\152\031}{subsection.7.2}% 73
\BOOKMARK [3][-]{subsubsection.7.2.2}{\376\377\0007\000.\0002\000.\0002\000\040\116\015\124\014\130\064\146\157\116\013\166\204\140\047\200\375}{subsection.7.2}% 74
\BOOKMARK [2][-]{subsection.7.3}{\376\377\0007\000.\0003\000\040\122\325\117\134\213\130\122\045\140\047\200\375\212\125\117\060}{section.7}% 75
\BOOKMARK [3][-]{subsubsection.7.3.1}{\376\377\0007\000.\0003\000.\0001\000\040\145\164\232\324\140\047\200\375}{subsection.7.3}% 76
\BOOKMARK [3][-]{subsubsection.7.3.2}{\376\377\0007\000.\0003\000.\0002\000\040\124\004\122\325\117\134\230\136\122\045\140\047\200\375}{subsection.7.3}% 77
\BOOKMARK [3][-]{subsubsection.7.3.3}{\376\377\0007\000.\0003\000.\0003\000\040\155\367\155\306\167\351\226\143\122\006\147\220}{subsection.7.3}% 78
\BOOKMARK [2][-]{subsection.7.4}{\376\377\0007\000.\0004\000\040\164\003\124\341\217\375\216\144\140\047\200\375\212\125\117\060}{section.7}% 79
\BOOKMARK [2][-]{subsection.7.5}{\376\377\0007\000.\0005\000\040\174\373\175\161\145\164\124\010\140\047\200\375}{section.7}% 80
\BOOKMARK [3][-]{subsubsection.7.5.1}{\376\377\0007\000.\0005\000.\0001\000\040\172\357\122\060\172\357\206\125\164\006\140\047\200\375}{subsection.7.5}% 81
\BOOKMARK [3][-]{subsubsection.7.5.2}{\376\377\0007\000.\0005\000.\0002\000\040\212\030\141\266\232\324\117\177\165\050\122\006\147\220}{subsection.7.5}% 82
\BOOKMARK [2][-]{subsection.7.6}{\376\377\0007\000.\0006\000\040\140\047\200\375\153\324\217\003\122\006\147\220}{section.7}% 83
\BOOKMARK [3][-]{subsubsection.7.6.1}{\376\377\0007\000.\0006\000.\0001\000\040\202\007\121\166\116\326\174\373\175\161\166\204\153\324\217\003}{subsection.7.6}% 84
\BOOKMARK [2][-]{subsection.7.7}{\376\377\0007\000.\0007\000\040\122\237\200\375\134\125\171\072}{section.7}% 85
\BOOKMARK [3][-]{subsubsection.7.7.1}{\376\377\0007\000.\0007\000.\0001\000\040\165\050\142\066\116\313\227\142\142\052\127\026}{subsection.7.7}% 86
\BOOKMARK [1][-]{section.8}{\376\377\0008\000\040\212\016\212\326\000\040\000\050\000D\000i\000s\000c\000u\000s\000s\000i\000o\000n\000s\000\051}{}% 87
\BOOKMARK [2][-]{subsection.8.1}{\376\377\0008\000.\0001\000\040\121\052\236\336\202\007\177\072\236\336\000\040\000\050\000A\000d\000v\000a\000n\000t\000a\000g\000e\000s\000\040\000a\000n\000d\000\040\000D\000i\000s\000a\000d\000v\000a\000n\000t\000a\000g\000e\000s\000\051}{section.8}% 88
\BOOKMARK [3][-]{subsubsection.8.1.1}{\376\377\0008\000.\0001\000.\0001\000\040\174\373\175\161\121\052\236\336}{subsection.8.1}% 89
\BOOKMARK [3][-]{subsubsection.8.1.2}{\376\377\0008\000.\0001\000.\0002\000\040\174\373\175\161\226\120\122\066}{subsection.8.1}% 90
\BOOKMARK [2][-]{subsection.8.2}{\376\377\0008\000.\0002\000\040\145\071\220\062\136\372\213\160\202\007\211\343\154\172\145\271\150\110}{section.8}% 91
\BOOKMARK [2][-]{subsection.8.3}{\376\377\0008\000.\0003\000\040\202\007\146\102\116\213\213\160\230\114\166\370\225\334\140\047}{section.8}% 92
\BOOKMARK [3][-]{subsubsection.8.3.1}{\376\377\0008\000.\0003\000.\0001\000\040\232\324\200\262\171\321\142\200\166\174\134\125}{subsection.8.3}% 93
\BOOKMARK [3][-]{subsubsection.8.3.2}{\376\377\0008\000.\0003\000.\0002\000\040\145\131\200\262\171\321\142\200\122\165\145\260}{subsection.8.3}% 94
\BOOKMARK [2][-]{subsection.8.4}{\376\377\0008\000.\0004\000\040\134\015\164\260\130\203\202\007\171\076\147\003\166\204\137\161\227\377}{section.8}% 95
\BOOKMARK [3][-]{subsubsection.8.4.1}{\376\377\0008\000.\0004\000.\0001\000\040\153\143\227\142\137\161\227\377}{subsection.8.4}% 96
\BOOKMARK [3][-]{subsubsection.8.4.2}{\376\377\0008\000.\0004\000.\0002\000\040\157\133\127\050\230\250\226\252}{subsection.8.4}% 97
\BOOKMARK [2][-]{subsection.8.5}{\376\377\0008\000.\0005\000\040\143\001\176\214\133\170\177\322\200\375\122\233\000\040\000\050\000L\000i\000f\000e\000l\000o\000n\000g\000\040\000L\000e\000a\000r\000n\000i\000n\000g\000\051}{section.8}% 98
\BOOKMARK [2][-]{subsection.8.6}{\376\377\0008\000.\0006\000\040\134\010\151\155\120\053\164\006\202\007\171\076\147\003\214\254\116\373}{section.8}% 99
\BOOKMARK [3][-]{subsubsection.8.6.1}{\376\377\0008\000.\0006\000.\0001\000\040\214\307\145\231\117\177\165\050\120\053\164\006}{subsection.8.6}% 100
\BOOKMARK [3][-]{subsubsection.8.6.2}{\376\377\0008\000.\0006\000.\0002\000\040\225\213\156\220\214\242\163\173}{subsection.8.6}% 101
\BOOKMARK [3][-]{subsubsection.8.6.3}{\376\377\0008\000.\0006\000.\0003\000\040\121\154\136\163\117\177\165\050}{subsection.8.6}% 102
\BOOKMARK [1][-]{section.9}{\376\377\0009\000\040\175\120\212\326\000\040\000\050\000C\000o\000n\000c\000l\000u\000s\000i\000o\000n\000s\000\051}{}% 103
\BOOKMARK [2][-]{subsection.9.1}{\376\377\0009\000.\0001\000\040\170\024\172\166\144\130\211\201\000\040\000\050\000S\000u\000m\000m\000a\000r\000y\000\040\000o\000f\000\040\000F\000i\000n\000d\000i\000n\000g\000s\000\051}{section.9}% 104
\BOOKMARK [2][-]{subsection.9.2}{\376\377\0009\000.\0002\000\040\116\073\211\201\121\052\236\336\000\040\000\050\000M\000a\000j\000o\000r\000\040\000A\000d\000v\000a\000n\000t\000a\000g\000e\000s\000\051}{section.9}% 105
\BOOKMARK [2][-]{subsection.9.3}{\376\377\0009\000.\0003\000\040\147\052\117\206\135\345\117\134\000\040\000\050\000F\000u\000t\000u\000r\000e\000\040\000W\000o\000r\000k\000\051}{section.9}% 106
\BOOKMARK [3][-]{subsubsection.9.3.1}{\376\377\0009\000.\0003\000.\0001\000\040\167\355\147\037\145\071\220\062\212\010\165\153\377\010\0003\000-\0006\000\040\120\013\147\010\377\011}{subsection.9.3}% 107
\BOOKMARK [3][-]{subsubsection.9.3.2}{\376\377\0009\000.\0003\000.\0002\000\040\116\055\147\037\166\174\134\125\166\356\152\031\377\010\0006\000-\0001\0002\000\040\120\013\147\010\377\011}{subsection.9.3}% 108
\BOOKMARK [3][-]{subsubsection.9.3.3}{\376\377\0009\000.\0003\000.\0003\000\040\225\167\147\037\230\130\146\157\377\010\0001\000-\0002\000\040\136\164\377\011}{subsection.9.3}% 109
\BOOKMARK [2][-]{subsection.9.4}{\376\377\0009\000.\0004\000\040\142\200\210\123\215\357\175\332\127\026}{section.9}% 110
\BOOKMARK [2][-]{subsection.9.5}{\376\377\0009\000.\0005\000\040\147\000\175\102\176\075\175\120}{section.9}% 111
\BOOKMARK [1][-]{subsection.9.5}{\376\377\226\104\223\004\377\032\123\237\131\313\172\013\137\017\170\274}{}% 112
\BOOKMARK [1][-]{lstnumber.17.93}{\376\377\123\303\200\003\145\207\163\173}{}% 113
\BOOKMARK [1][-]{lstnumber.17.93}{\376\377\134\010\230\114\134\125\171\072\214\307\212\012}{}% 114
